[2025-10-20T07:50:11.079+0000] {manager.py:470} INFO - Processing files using up to 2 processes at a time 
[2025-10-20T07:50:11.086+0000] {manager.py:471} INFO - Process each file at most once every 30 seconds
[2025-10-20T07:50:11.088+0000] {manager.py:472} INFO - Checking for new files in /opt/airflow/dags every 300 seconds
[2025-10-20T07:50:11.088+0000] {manager.py:737} INFO - Searching for files in /opt/airflow/dags
[2025-10-20T07:50:11.105+0000] {manager.py:740} INFO - There are 0 files in /opt/airflow/dags
[2025-10-20T08:05:43.154+0000] {manager.py:470} INFO - Processing files using up to 2 processes at a time 
[2025-10-20T08:05:43.156+0000] {manager.py:471} INFO - Process each file at most once every 30 seconds
[2025-10-20T08:05:43.157+0000] {manager.py:472} INFO - Checking for new files in /opt/airflow/dags every 300 seconds
[2025-10-20T08:05:43.157+0000] {manager.py:737} INFO - Searching for files in /opt/airflow/dags
[2025-10-20T08:05:43.160+0000] {manager.py:740} INFO - There are 0 files in /opt/airflow/dags
[2025-10-20T08:06:43.189+0000] {manager.py:452} INFO - Exiting gracefully upon receiving signal 15
[2025-10-20T08:11:42.975+0000] {manager.py:470} INFO - Processing files using up to 2 processes at a time 
[2025-10-20T08:11:42.976+0000] {manager.py:471} INFO - Process each file at most once every 30 seconds
[2025-10-20T08:11:42.977+0000] {manager.py:472} INFO - Checking for new files in /opt/airflow/dags every 300 seconds
[2025-10-20T08:11:42.978+0000] {manager.py:737} INFO - Searching for files in /opt/airflow/dags
[2025-10-20T08:11:42.982+0000] {manager.py:740} INFO - There are 0 files in /opt/airflow/dags
[2025-10-20T08:13:56.556+0000] {manager.py:452} INFO - Exiting gracefully upon receiving signal 15
[2025-10-20T08:27:27.316+0000] {manager.py:470} INFO - Processing files using up to 2 processes at a time 
[2025-10-20T08:27:27.317+0000] {manager.py:471} INFO - Process each file at most once every 30 seconds
[2025-10-20T08:27:27.318+0000] {manager.py:472} INFO - Checking for new files in /opt/airflow/dags every 300 seconds
[2025-10-20T08:27:27.319+0000] {manager.py:737} INFO - Searching for files in /opt/airflow/dags
[2025-10-20T08:27:27.324+0000] {manager.py:740} INFO - There are 0 files in /opt/airflow/dags
[2025-10-20T08:27:51.016+0000] {manager.py:452} INFO - Exiting gracefully upon receiving signal 15
[2025-10-20T08:44:41.951+0000] {manager.py:470} INFO - Processing files using up to 2 processes at a time 
[2025-10-20T08:44:41.953+0000] {manager.py:471} INFO - Process each file at most once every 30 seconds
[2025-10-20T08:44:41.954+0000] {manager.py:472} INFO - Checking for new files in /opt/airflow/dags every 300 seconds
[2025-10-20T08:44:41.954+0000] {manager.py:737} INFO - Searching for files in /opt/airflow/dags
[2025-10-20T08:44:41.962+0000] {manager.py:740} INFO - There are 0 files in /opt/airflow/dags
[2025-10-21T07:43:08.711+0000] {manager.py:470} INFO - Processing files using up to 2 processes at a time 
[2025-10-21T07:43:08.717+0000] {manager.py:471} INFO - Process each file at most once every 30 seconds
[2025-10-21T07:43:08.719+0000] {manager.py:472} INFO - Checking for new files in /opt/airflow/dags every 300 seconds
[2025-10-21T07:43:08.721+0000] {manager.py:737} INFO - Searching for files in /opt/airflow/dags
[2025-10-21T07:43:08.725+0000] {manager.py:740} INFO - There are 0 files in /opt/airflow/dags
[2025-10-21T07:43:19.791+0000] {manager.py:452} INFO - Exiting gracefully upon receiving signal 15
[2025-10-21T08:06:48.252+0000] {manager.py:470} INFO - Processing files using up to 2 processes at a time 
[2025-10-21T08:06:48.254+0000] {manager.py:471} INFO - Process each file at most once every 30 seconds
[2025-10-21T08:06:48.255+0000] {manager.py:472} INFO - Checking for new files in /opt/airflow/dags every 300 seconds
[2025-10-21T08:06:48.255+0000] {manager.py:737} INFO - Searching for files in /opt/airflow/dags
[2025-10-21T08:06:48.262+0000] {manager.py:740} INFO - There are 0 files in /opt/airflow/dags
[2025-10-21T08:11:48.741+0000] {manager.py:737} INFO - Searching for files in /opt/airflow/dags
[2025-10-21T08:11:48.768+0000] {manager.py:740} INFO - There are 0 files in /opt/airflow/dags
[2025-10-21T08:16:49.239+0000] {manager.py:737} INFO - Searching for files in /opt/airflow/dags
[2025-10-21T08:16:49.249+0000] {manager.py:740} INFO - There are 0 files in /opt/airflow/dags
[2025-10-21T08:21:49.766+0000] {manager.py:737} INFO - Searching for files in /opt/airflow/dags
[2025-10-21T08:21:49.896+0000] {manager.py:740} INFO - There are 0 files in /opt/airflow/dags
[2025-10-21T08:26:50.400+0000] {manager.py:737} INFO - Searching for files in /opt/airflow/dags
[2025-10-21T08:26:50.413+0000] {manager.py:740} INFO - There are 0 files in /opt/airflow/dags
[2025-10-21T08:27:51.428+0000] {manager.py:452} INFO - Exiting gracefully upon receiving signal 15
[2025-10-21T08:30:00.977+0000] {manager.py:470} INFO - Processing files using up to 2 processes at a time 
[2025-10-21T08:30:00.986+0000] {manager.py:471} INFO - Process each file at most once every 30 seconds
[2025-10-21T08:30:00.987+0000] {manager.py:472} INFO - Checking for new files in /opt/airflow/dags every 300 seconds
[2025-10-21T08:30:00.988+0000] {manager.py:737} INFO - Searching for files in /opt/airflow/dags
[2025-10-21T08:30:00.993+0000] {manager.py:740} INFO - There are 0 files in /opt/airflow/dags
[2025-10-21T08:33:42.290+0000] {manager.py:452} INFO - Exiting gracefully upon receiving signal 15
[2025-10-21T08:38:48.819+0000] {manager.py:470} INFO - Processing files using up to 2 processes at a time 
[2025-10-21T08:38:48.820+0000] {manager.py:471} INFO - Process each file at most once every 30 seconds
[2025-10-21T08:38:48.821+0000] {manager.py:472} INFO - Checking for new files in /opt/airflow/dags every 300 seconds
[2025-10-21T08:38:48.822+0000] {manager.py:737} INFO - Searching for files in /opt/airflow/dags
[2025-10-21T08:38:48.829+0000] {manager.py:740} INFO - There are 0 files in /opt/airflow/dags
[2025-10-21T08:38:50.651+0000] {manager.py:452} INFO - Exiting gracefully upon receiving signal 15
[2025-10-21T12:44:54.836+0000] {manager.py:470} INFO - Processing files using up to 2 processes at a time 
[2025-10-21T12:44:54.838+0000] {manager.py:471} INFO - Process each file at most once every 30 seconds
[2025-10-21T12:44:54.839+0000] {manager.py:472} INFO - Checking for new files in /opt/airflow/dags every 300 seconds
[2025-10-21T12:44:54.841+0000] {manager.py:737} INFO - Searching for files in /opt/airflow/dags
[2025-10-21T12:44:54.845+0000] {manager.py:740} INFO - There are 0 files in /opt/airflow/dags
[2025-10-21T12:49:55.656+0000] {manager.py:737} INFO - Searching for files in /opt/airflow/dags
[2025-10-21T12:49:55.682+0000] {manager.py:740} INFO - There are 0 files in /opt/airflow/dags
[2025-10-21T12:54:55.746+0000] {manager.py:737} INFO - Searching for files in /opt/airflow/dags
[2025-10-21T12:54:55.771+0000] {manager.py:740} INFO - There are 0 files in /opt/airflow/dags
[2025-10-21T12:59:56.471+0000] {manager.py:737} INFO - Searching for files in /opt/airflow/dags
[2025-10-21T12:59:56.486+0000] {manager.py:740} INFO - There are 0 files in /opt/airflow/dags
[2025-10-21T13:04:56.997+0000] {manager.py:737} INFO - Searching for files in /opt/airflow/dags
[2025-10-21T13:04:57.011+0000] {manager.py:740} INFO - There are 0 files in /opt/airflow/dags
[2025-10-21T13:09:03.642+0000] {manager.py:452} INFO - Exiting gracefully upon receiving signal 15
[2025-10-23T06:17:59.485+0000] {manager.py:470} INFO - Processing files using up to 2 processes at a time 
[2025-10-23T06:17:59.488+0000] {manager.py:471} INFO - Process each file at most once every 30 seconds
[2025-10-23T06:17:59.494+0000] {manager.py:472} INFO - Checking for new files in /opt/airflow/dags every 300 seconds
[2025-10-23T06:17:59.499+0000] {manager.py:737} INFO - Searching for files in /opt/airflow/dags
[2025-10-23T06:17:59.509+0000] {manager.py:740} INFO - There are 0 files in /opt/airflow/dags
[2025-10-23T06:23:00.304+0000] {manager.py:737} INFO - Searching for files in /opt/airflow/dags
[2025-10-23T06:23:00.340+0000] {manager.py:740} INFO - There are 0 files in /opt/airflow/dags
[2025-10-23T06:28:01.186+0000] {manager.py:737} INFO - Searching for files in /opt/airflow/dags
[2025-10-23T06:28:01.194+0000] {manager.py:740} INFO - There are 0 files in /opt/airflow/dags
[2025-10-27T04:37:27.070+0000] {manager.py:470} INFO - Processing files using up to 2 processes at a time 
[2025-10-27T04:37:27.097+0000] {manager.py:471} INFO - Process each file at most once every 30 seconds
[2025-10-27T04:37:27.123+0000] {manager.py:472} INFO - Checking for new files in /opt/airflow/dags every 300 seconds
[2025-10-27T04:37:27.130+0000] {manager.py:737} INFO - Searching for files in /opt/airflow/dags
[2025-10-27T04:37:27.148+0000] {manager.py:740} INFO - There are 0 files in /opt/airflow/dags
[2025-10-27T04:39:22.026+0000] {manager.py:452} INFO - Exiting gracefully upon receiving signal 15
[2025-10-27T14:07:02.779+0000] {manager.py:470} INFO - Processing files using up to 2 processes at a time 
[2025-10-27T14:07:02.780+0000] {manager.py:471} INFO - Process each file at most once every 30 seconds
[2025-10-27T14:07:02.780+0000] {manager.py:472} INFO - Checking for new files in /opt/airflow/dags every 300 seconds
[2025-10-27T14:07:02.781+0000] {manager.py:737} INFO - Searching for files in /opt/airflow/dags
[2025-10-27T14:07:02.785+0000] {manager.py:740} INFO - There are 0 files in /opt/airflow/dags
[2025-10-28T03:02:24.905+0000] {manager.py:470} INFO - Processing files using up to 2 processes at a time 
[2025-10-28T03:02:24.906+0000] {manager.py:471} INFO - Process each file at most once every 30 seconds
[2025-10-28T03:02:24.907+0000] {manager.py:472} INFO - Checking for new files in /opt/airflow/dags every 300 seconds
[2025-10-28T03:02:24.908+0000] {manager.py:737} INFO - Searching for files in /opt/airflow/dags
[2025-10-28T03:02:24.911+0000] {manager.py:740} INFO - There are 0 files in /opt/airflow/dags
[2025-10-28T13:50:23.475+0000] {manager.py:470} INFO - Processing files using up to 2 processes at a time 
[2025-10-28T13:50:23.477+0000] {manager.py:471} INFO - Process each file at most once every 30 seconds
[2025-10-28T13:50:23.478+0000] {manager.py:472} INFO - Checking for new files in /opt/airflow/dags every 300 seconds
[2025-10-28T13:50:23.478+0000] {manager.py:737} INFO - Searching for files in /opt/airflow/dags
[2025-10-28T13:50:23.490+0000] {manager.py:740} INFO - There are 0 files in /opt/airflow/dags
[2025-10-28T13:55:24.035+0000] {manager.py:737} INFO - Searching for files in /opt/airflow/dags
[2025-10-28T13:55:24.078+0000] {manager.py:740} INFO - There are 0 files in /opt/airflow/dags
[2025-10-28T14:00:24.578+0000] {manager.py:737} INFO - Searching for files in /opt/airflow/dags
[2025-10-28T14:00:24.585+0000] {manager.py:740} INFO - There are 0 files in /opt/airflow/dags
[2025-10-28T14:05:25.135+0000] {manager.py:737} INFO - Searching for files in /opt/airflow/dags
[2025-10-28T14:05:25.152+0000] {manager.py:740} INFO - There are 0 files in /opt/airflow/dags
[2025-10-30T14:38:51.272+0000] {manager.py:470} INFO - Processing files using up to 2 processes at a time 
[2025-10-30T14:38:51.282+0000] {manager.py:471} INFO - Process each file at most once every 30 seconds
[2025-10-30T14:38:51.283+0000] {manager.py:472} INFO - Checking for new files in /opt/airflow/dags every 300 seconds
[2025-10-30T14:38:51.284+0000] {manager.py:737} INFO - Searching for files in /opt/airflow/dags
[2025-10-30T14:38:51.291+0000] {manager.py:740} INFO - There are 0 files in /opt/airflow/dags
[2025-10-30T14:43:51.378+0000] {manager.py:737} INFO - Searching for files in /opt/airflow/dags
[2025-10-30T14:43:51.408+0000] {manager.py:740} INFO - There are 0 files in /opt/airflow/dags
[2025-10-30T14:48:24.456+0000] {manager.py:452} INFO - Exiting gracefully upon receiving signal 15
[2025-10-31T12:19:14.623+0000] {manager.py:470} INFO - Processing files using up to 2 processes at a time 
[2025-10-31T12:19:14.625+0000] {manager.py:471} INFO - Process each file at most once every 30 seconds
[2025-10-31T12:19:14.628+0000] {manager.py:472} INFO - Checking for new files in /opt/airflow/dags every 300 seconds
[2025-10-31T12:19:14.630+0000] {manager.py:737} INFO - Searching for files in /opt/airflow/dags
[2025-10-31T12:19:14.639+0000] {manager.py:740} INFO - There are 0 files in /opt/airflow/dags
[2025-11-01T13:35:34.167+0000] {manager.py:470} INFO - Processing files using up to 2 processes at a time 
[2025-11-01T13:35:34.172+0000] {manager.py:471} INFO - Process each file at most once every 30 seconds
[2025-11-01T13:35:34.173+0000] {manager.py:472} INFO - Checking for new files in /opt/airflow/dags every 300 seconds
[2025-11-01T13:35:34.176+0000] {manager.py:737} INFO - Searching for files in /opt/airflow/dags
[2025-11-01T13:35:34.223+0000] {manager.py:740} INFO - There are 0 files in /opt/airflow/dags
[2025-11-01T13:40:34.690+0000] {manager.py:737} INFO - Searching for files in /opt/airflow/dags
[2025-11-01T13:40:34.697+0000] {manager.py:740} INFO - There are 0 files in /opt/airflow/dags
[2025-11-03T13:50:16.888+0000] {manager.py:470} INFO - Processing files using up to 2 processes at a time 
[2025-11-03T13:50:16.893+0000] {manager.py:471} INFO - Process each file at most once every 30 seconds
[2025-11-03T13:50:16.902+0000] {manager.py:472} INFO - Checking for new files in /opt/airflow/dags every 300 seconds
[2025-11-03T13:50:16.920+0000] {manager.py:737} INFO - Searching for files in /opt/airflow/dags
[2025-11-03T13:50:16.946+0000] {manager.py:740} INFO - There are 0 files in /opt/airflow/dags
[2025-11-04T03:09:27.030+0000] {manager.py:470} INFO - Processing files using up to 2 processes at a time 
[2025-11-04T03:09:27.035+0000] {manager.py:471} INFO - Process each file at most once every 30 seconds
[2025-11-04T03:09:27.036+0000] {manager.py:472} INFO - Checking for new files in /opt/airflow/dags every 300 seconds
[2025-11-04T03:09:27.037+0000] {manager.py:737} INFO - Searching for files in /opt/airflow/dags
[2025-11-04T03:09:27.043+0000] {manager.py:740} INFO - There are 0 files in /opt/airflow/dags
[2025-11-05T07:19:01.954+0000] {manager.py:470} INFO - Processing files using up to 2 processes at a time 
[2025-11-05T07:19:01.957+0000] {manager.py:471} INFO - Process each file at most once every 30 seconds
[2025-11-05T07:19:01.957+0000] {manager.py:472} INFO - Checking for new files in /opt/airflow/dags every 300 seconds
[2025-11-05T07:19:01.958+0000] {manager.py:737} INFO - Searching for files in /opt/airflow/dags
[2025-11-05T07:19:01.963+0000] {manager.py:740} INFO - There are 0 files in /opt/airflow/dags
[2025-11-05T07:19:44.764+0000] {manager.py:452} INFO - Exiting gracefully upon receiving signal 15
[2025-11-05T13:49:23.060+0000] {manager.py:470} INFO - Processing files using up to 2 processes at a time 
[2025-11-05T13:49:23.061+0000] {manager.py:471} INFO - Process each file at most once every 30 seconds
[2025-11-05T13:49:23.062+0000] {manager.py:472} INFO - Checking for new files in /opt/airflow/dags every 300 seconds
[2025-11-05T13:49:23.064+0000] {manager.py:737} INFO - Searching for files in /opt/airflow/dags
[2025-11-05T13:49:23.067+0000] {manager.py:740} INFO - There are 0 files in /opt/airflow/dags
[2025-11-05T13:50:26.991+0000] {manager.py:452} INFO - Exiting gracefully upon receiving signal 15
[2025-11-06T03:52:43.673+0000] {manager.py:470} INFO - Processing files using up to 2 processes at a time 
[2025-11-06T03:52:43.675+0000] {manager.py:471} INFO - Process each file at most once every 30 seconds
[2025-11-06T03:52:43.678+0000] {manager.py:472} INFO - Checking for new files in /opt/airflow/dags every 300 seconds
[2025-11-06T03:52:43.684+0000] {manager.py:737} INFO - Searching for files in /opt/airflow/dags
[2025-11-06T03:52:43.702+0000] {manager.py:740} INFO - There are 0 files in /opt/airflow/dags
[2025-11-06T03:53:00.805+0000] {manager.py:452} INFO - Exiting gracefully upon receiving signal 15
[2025-11-08T14:04:57.467+0000] {manager.py:470} INFO - Processing files using up to 2 processes at a time 
[2025-11-08T14:04:57.468+0000] {manager.py:471} INFO - Process each file at most once every 30 seconds
[2025-11-08T14:04:57.470+0000] {manager.py:472} INFO - Checking for new files in /opt/airflow/dags every 300 seconds
[2025-11-08T14:04:57.470+0000] {manager.py:737} INFO - Searching for files in /opt/airflow/dags
[2025-11-08T14:04:57.474+0000] {manager.py:740} INFO - There are 0 files in /opt/airflow/dags
[2025-11-08T14:05:01.145+0000] {manager.py:452} INFO - Exiting gracefully upon receiving signal 15
[2025-11-09T05:21:28.904+0000] {manager.py:470} INFO - Processing files using up to 2 processes at a time 
[2025-11-09T05:21:28.905+0000] {manager.py:471} INFO - Process each file at most once every 30 seconds
[2025-11-09T05:21:28.906+0000] {manager.py:472} INFO - Checking for new files in /opt/airflow/dags every 300 seconds
[2025-11-09T05:21:28.906+0000] {manager.py:737} INFO - Searching for files in /opt/airflow/dags
[2025-11-09T05:21:28.909+0000] {manager.py:740} INFO - There are 0 files in /opt/airflow/dags
[2025-11-09T05:21:57.438+0000] {manager.py:452} INFO - Exiting gracefully upon receiving signal 15
[2025-11-10T08:24:35.518+0000] {manager.py:470} INFO - Processing files using up to 2 processes at a time 
[2025-11-10T08:24:35.523+0000] {manager.py:471} INFO - Process each file at most once every 30 seconds
[2025-11-10T08:24:35.529+0000] {manager.py:472} INFO - Checking for new files in /opt/airflow/dags every 300 seconds
[2025-11-10T08:24:35.530+0000] {manager.py:737} INFO - Searching for files in /opt/airflow/dags
[2025-11-10T08:24:35.534+0000] {manager.py:740} INFO - There are 0 files in /opt/airflow/dags
[2025-11-10T08:24:46.210+0000] {manager.py:452} INFO - Exiting gracefully upon receiving signal 15
[2025-11-11T13:25:24.648+0000] {manager.py:470} INFO - Processing files using up to 2 processes at a time 
[2025-11-11T13:25:24.649+0000] {manager.py:471} INFO - Process each file at most once every 30 seconds
[2025-11-11T13:25:24.650+0000] {manager.py:472} INFO - Checking for new files in /opt/airflow/dags every 300 seconds
[2025-11-11T13:25:24.650+0000] {manager.py:737} INFO - Searching for files in /opt/airflow/dags
[2025-11-11T13:25:24.653+0000] {manager.py:740} INFO - There are 0 files in /opt/airflow/dags
[2025-11-11T13:30:25.167+0000] {manager.py:737} INFO - Searching for files in /opt/airflow/dags
[2025-11-11T13:30:25.184+0000] {manager.py:740} INFO - There are 0 files in /opt/airflow/dags
[2025-11-11T13:35:25.746+0000] {manager.py:737} INFO - Searching for files in /opt/airflow/dags
[2025-11-11T13:35:25.753+0000] {manager.py:740} INFO - There are 0 files in /opt/airflow/dags
[2025-11-11T13:40:26.204+0000] {manager.py:737} INFO - Searching for files in /opt/airflow/dags
[2025-11-11T13:40:26.210+0000] {manager.py:740} INFO - There are 0 files in /opt/airflow/dags
[2025-11-11T13:45:26.618+0000] {manager.py:737} INFO - Searching for files in /opt/airflow/dags
[2025-11-11T13:45:26.624+0000] {manager.py:740} INFO - There are 0 files in /opt/airflow/dags
[2025-11-11T13:50:27.030+0000] {manager.py:737} INFO - Searching for files in /opt/airflow/dags
[2025-11-11T13:50:27.036+0000] {manager.py:740} INFO - There are 0 files in /opt/airflow/dags
[2025-11-11T13:55:27.485+0000] {manager.py:737} INFO - Searching for files in /opt/airflow/dags
[2025-11-11T13:55:27.493+0000] {manager.py:740} INFO - There are 0 files in /opt/airflow/dags
[2025-11-11T14:00:27.878+0000] {manager.py:737} INFO - Searching for files in /opt/airflow/dags
[2025-11-11T14:00:27.884+0000] {manager.py:740} INFO - There are 0 files in /opt/airflow/dags
[2025-11-11T14:05:28.323+0000] {manager.py:737} INFO - Searching for files in /opt/airflow/dags
[2025-11-11T14:05:28.340+0000] {manager.py:740} INFO - There are 0 files in /opt/airflow/dags
[2025-11-11T14:10:29.072+0000] {manager.py:737} INFO - Searching for files in /opt/airflow/dags
[2025-11-11T14:10:29.088+0000] {manager.py:740} INFO - There are 0 files in /opt/airflow/dags
[2025-11-11T14:24:50.276+0000] {manager.py:737} INFO - Searching for files in /opt/airflow/dags
[2025-11-11T14:24:50.919+0000] {manager.py:740} INFO - There are 0 files in /opt/airflow/dags
[2025-11-11T14:29:50.630+0000] {manager.py:737} INFO - Searching for files in /opt/airflow/dags
[2025-11-11T14:29:50.635+0000] {manager.py:740} INFO - There are 0 files in /opt/airflow/dags
[2025-11-12T10:41:12.844+0000] {manager.py:470} INFO - Processing files using up to 2 processes at a time 
[2025-11-12T10:41:12.845+0000] {manager.py:471} INFO - Process each file at most once every 30 seconds
[2025-11-12T10:41:12.846+0000] {manager.py:472} INFO - Checking for new files in /opt/airflow/dags every 300 seconds
[2025-11-12T10:41:12.847+0000] {manager.py:737} INFO - Searching for files in /opt/airflow/dags
[2025-11-12T10:41:12.851+0000] {manager.py:740} INFO - There are 0 files in /opt/airflow/dags
[2025-11-12T10:46:13.590+0000] {manager.py:737} INFO - Searching for files in /opt/airflow/dags
[2025-11-12T10:46:13.597+0000] {manager.py:740} INFO - There are 0 files in /opt/airflow/dags
[2025-11-12T10:51:14.129+0000] {manager.py:737} INFO - Searching for files in /opt/airflow/dags
[2025-11-12T10:51:14.140+0000] {manager.py:740} INFO - There are 0 files in /opt/airflow/dags
[2025-11-12T10:56:14.589+0000] {manager.py:737} INFO - Searching for files in /opt/airflow/dags
[2025-11-12T10:56:14.602+0000] {manager.py:740} INFO - There are 0 files in /opt/airflow/dags
[2025-11-12T10:56:57.005+0000] {manager.py:452} INFO - Exiting gracefully upon receiving signal 15
[2025-11-12T12:40:41.858+0000] {manager.py:470} INFO - Processing files using up to 2 processes at a time 
[2025-11-12T12:40:41.881+0000] {manager.py:471} INFO - Process each file at most once every 30 seconds
[2025-11-12T12:40:41.891+0000] {manager.py:472} INFO - Checking for new files in /opt/airflow/dags every 300 seconds
[2025-11-12T12:40:41.902+0000] {manager.py:737} INFO - Searching for files in /opt/airflow/dags
[2025-11-12T12:40:41.913+0000] {manager.py:740} INFO - There are 0 files in /opt/airflow/dags
[2025-11-12T12:40:58.113+0000] {manager.py:452} INFO - Exiting gracefully upon receiving signal 15
[2025-11-14T12:43:52.211+0000] {manager.py:470} INFO - Processing files using up to 2 processes at a time 
[2025-11-14T12:43:52.212+0000] {manager.py:471} INFO - Process each file at most once every 30 seconds
[2025-11-14T12:43:52.213+0000] {manager.py:472} INFO - Checking for new files in /opt/airflow/dags every 300 seconds
[2025-11-14T12:43:52.213+0000] {manager.py:737} INFO - Searching for files in /opt/airflow/dags
[2025-11-14T12:43:52.216+0000] {manager.py:740} INFO - There are 0 files in /opt/airflow/dags
[2025-11-14T12:44:02.606+0000] {manager.py:452} INFO - Exiting gracefully upon receiving signal 15
[2025-11-14T13:32:52.030+0000] {manager.py:470} INFO - Processing files using up to 2 processes at a time 
[2025-11-14T13:32:52.032+0000] {manager.py:471} INFO - Process each file at most once every 30 seconds
[2025-11-14T13:32:52.033+0000] {manager.py:472} INFO - Checking for new files in /opt/airflow/dags every 300 seconds
[2025-11-14T13:32:52.034+0000] {manager.py:737} INFO - Searching for files in /opt/airflow/dags
[2025-11-14T13:32:52.037+0000] {manager.py:740} INFO - There are 0 files in /opt/airflow/dags
[2025-11-14T13:34:18.982+0000] {manager.py:452} INFO - Exiting gracefully upon receiving signal 15
